makemoji-3pk-android/build/outputs/logs/manifest-merger-debug-report.txt
-- Merging decision tree log ---
manifest
ADDED from src\main\AndroidManifest.xml:2:1-38:12
INJECTED from src\main\AndroidManifest.xml:2:1-38:12
INJECTED from src\main\AndroidManifest.xml:2:1-38:12
INJECTED from src\main\AndroidManifest.xml:2:1-38:12
INJECTED from src\main\AndroidManifest.xml:2:1-38:12
INJECTED from src\main\AndroidManifest.xml:2:1-38:12
INJECTED from src\main\AndroidManifest.xml:2:1-38:12
	package
		ADDED from src\main\AndroidManifest.xml:3:5-36
		INJECTED from src\main\AndroidManifest.xml
		INJECTED from src\main\AndroidManifest.xml
	android:versionName
		INJECTED from src\main\AndroidManifest.xml
		ADDED from src\main\AndroidManifest.xml:2:1-38:12
		INJECTED from src\main\AndroidManifest.xml
	android:versionCode
		INJECTED from src\main\AndroidManifest.xml
		ADDED from src\main\AndroidManifest.xml:2:1-38:12
		INJECTED from src\main\AndroidManifest.xml
	xmlns:android
		ADDED from src\main\AndroidManifest.xml:2:11-69
uses-permission#android.permission.INTERNET
ADDED from src\main\AndroidManifest.xml:5:5-67
	android:name
		ADDED from src\main\AndroidManifest.xml:5:22-64
uses-permission#android.permission.SYSTEM_ALERT_WINDOW
ADDED from src\main\AndroidManifest.xml:6:5-78
	android:name
		ADDED from src\main\AndroidManifest.xml:6:22-75
uses-permission#com.android.vending.BILLING
ADDED from src\main\AndroidManifest.xml:7:5-67
	android:name
		ADDED from src\main\AndroidManifest.xml:7:22-64
application
ADDED from src\main\AndroidManifest.xml:8:5-36:19
service#com.makemoji.keyboard.MMKB
ADDED from src\main\AndroidManifest.xml:9:9-22:19
	android:enabled
		ADDED from src\main\AndroidManifest.xml:13:13-60
	android:label
		ADDED from src\main\AndroidManifest.xml:11:13-49
	android:permission
		ADDED from src\main\AndroidManifest.xml:14:13-70
	android:theme
		ADDED from src\main\AndroidManifest.xml:12:13-54
	android:name
		ADDED from src\main\AndroidManifest.xml:10:13-33
intent-filter#action:name:android.view.InputMethod
ADDED from src\main\AndroidManifest.xml:15:13-17:29
action#android.view.InputMethod
ADDED from src\main\AndroidManifest.xml:16:17-67
	android:name
		ADDED from src\main\AndroidManifest.xml:16:25-64
meta-data#android.view.im
ADDED from src\main\AndroidManifest.xml:19:13-21:50
	android:resource
		ADDED from src\main\AndroidManifest.xml:21:17-47
	android:name
		ADDED from src\main\AndroidManifest.xml:20:17-47
provider#com.makemoji.keyboard.MMFileProvider
ADDED from src\main\AndroidManifest.xml:26:9-35:20
	android:grantUriPermissions
		ADDED from src\main\AndroidManifest.xml:31:13-47
	android:enabled
		ADDED from src\main\AndroidManifest.xml:30:13-68
	android:authorities
		ADDED from src\main\AndroidManifest.xml:28:13-65
	android:exported
		ADDED from src\main\AndroidManifest.xml:29:13-37
	android:name
		ADDED from src\main\AndroidManifest.xml:27:13-43
meta-data#android.support.FILE_PROVIDER_PATHS
ADDED from src\main\AndroidManifest.xml:32:13-34:57
	android:resource
		ADDED from src\main\AndroidManifest.xml:34:17-54
	android:name
		ADDED from src\main\AndroidManifest.xml:33:17-67
uses-sdk
INJECTED from src\main\AndroidManifest.xml reason: use-sdk injection requested
INJECTED from src\main\AndroidManifest.xml
INJECTED from src\main\AndroidManifest.xml
INJECTED from src\main\AndroidManifest.xml
INJECTED from src\main\AndroidManifest.xml
	android:targetSdkVersion
		INJECTED from src\main\AndroidManifest.xml
		ADDED from src\main\AndroidManifest.xml
		INJECTED from src\main\AndroidManifest.xml
	android:minSdkVersion
		INJECTED from src\main\AndroidManifest.xml
		ADDED from src\main\AndroidManifest.xml
		INJECTED from src\main\AndroidManifest.xml